2024-06-15T22:03:41.275Z 0: 

----------------------------------------------
2024-06-15T22:03:41.322Z 1: Discord starting: {"releaseChannel":"stable","version":"0.0.56"}, modulepath: /home/leon/.config/discord/0.0.56/modules
2024-06-15T22:03:41.346Z 2: ✅ webContents.created web1 ""
2024-06-15T22:03:41.359Z 3: ✅ window.created win1 "discord"
2024-06-15T22:03:41.798Z 4: ✅ webContents.did-finish-load web1
2024-06-15T22:03:58.616Z 5: ✅ webContents.created web2 ""
2024-06-15T22:03:58.644Z 6: ✅ window.created win2 "Discord"
2024-06-15T22:04:00.997Z 7: ✅ webContents.did-finish-load web2
2024-06-15T22:04:01.099Z 8: window.close win1
2024-06-15T22:04:01.128Z 9: webContents.destroyed web1
2024-06-15T22:04:01.133Z 10: window.closed win1
2024-06-15T22:06:25.481Z 11: window.close win2
2024-06-15T22:06:25.486Z 12: before-quit
2024-06-15T22:06:25.492Z 13: window.close win2
2024-06-15T22:06:25.523Z 14: webContents.destroyed web2
2024-06-15T22:28:57.221Z 0: 

----------------------------------------------
2024-06-15T22:28:57.260Z 1: Discord starting: {"releaseChannel":"stable","version":"0.0.56"}, modulepath: /home/leon/.config/discord/0.0.56/modules
2024-06-15T22:28:57.291Z 2: ✅ webContents.created web1 ""
2024-06-15T22:28:57.297Z 3: ✅ window.created win1 "discord"
2024-06-15T22:28:57.566Z 4: ✅ webContents.did-finish-load web1
2024-06-15T22:28:57.962Z 5: ✅ webContents.created web2 ""
2024-06-15T22:28:57.995Z 6: ✅ window.created win2 "Discord"
2024-06-15T22:29:00.755Z 7: ✅ webContents.did-finish-load web2
2024-06-15T22:29:00.857Z 8: window.close win1
2024-06-15T22:29:00.877Z 9: webContents.destroyed web1
2024-06-15T22:29:00.881Z 10: window.closed win1
2024-06-15T22:29:35.631Z 11: window.close win2
2024-06-15T22:29:35.638Z 12: before-quit
2024-06-15T22:29:35.642Z 13: window.close win2
2024-06-15T22:29:35.788Z 14: webContents.destroyed web2
